<?xml version="1.0" encoding="UTF-8"?>
<!-- Generated by org.testng.reporters.JUnitReportReporter -->
<testsuite hostname="DME-GS-SMC" failures="0" tests="1" name="trelloLogin.TrelloBoard" time="44.653" errors="0" timestamp="2023-01-08T22:54:08 IST" skipped="0">
  <testcase classname="trelloLogin.TrelloBoard" name="Execute" time="44.653"/>
  <system-out/>
</testsuite> <!-- trelloLogin.TrelloBoard -->
